<?xml version="1.0" encoding="UTF-8"?>
<testng-results ignored="0" total="0" passed="0" failed="0" skipped="0">
  <reporter-output>
  </reporter-output>
  <suite started-at="2023-06-13T11:58:43 IST" name="Suite1" finished-at="2023-06-13T11:58:43 IST" duration-ms="50">
    <groups>
    </groups>
    <test started-at="2023-06-13T11:58:43 IST" name="No package" finished-at="2023-06-13T11:58:43 IST" duration-ms="50">
    </test> <!-- No package -->
  </suite> <!-- Suite1 -->
</testng-results>
